<?xml version="1.0" encoding="UTF-8"?>
<!-- Generated by org.testng.reporters.JUnitReportReporter -->
<testsuite hostname="IN--1SP0BK3" failures="0" tests="1" name="testcases.login" time="10.460" errors="0" timestamp="2023-07-20T14:57:52 IST" skipped="0">
  <testcase classname="testcases.login" name="login" time="10.460"/>
  <system-out/>
</testsuite> <!-- testcases.login -->
